2009-7-12 14:40:16 org.apache.catalina.core.AprLifecycleListener init
信息: The APR based Apache Tomcat Native library which allows optimal performance in production environments was not found on the java.library.path: C:\JDK\jdk1.6.0_14\bin;.;C:\WINDOWS\Sun\Java\bin;C:\WINDOWS\system32;C:\WINDOWS;C:\WINDOWS\system32;C:\WINDOWS;C:\WINDOWS\system32\WBEM;D:\java\oracle\bin;;C:\JDK\jdk1.6.0_14\bin;C:\Program Files\ATI Technologies\ATI.ACE\Core-Static;C:\Program Files\ThinkPad\ConnectUtilities;C:\Program Files\Common Files\Thunder Network\KanKan\Codecs;D:\java\Rational\common;C:\Program Files\Intel\WiFi\bin\;C:\Program Files\Common Files\Lenovo;C:\Program Files\Microsoft SQL Server\80\Tools\BINN;C:\Program Files\SinoVoice\jTTS 5.0 Desktop\Bin
2009-7-12 14:40:16 org.apache.coyote.http11.Http11Protocol init
信息: Initializing Coyote HTTP/1.1 on http-8080
2009-7-12 14:40:16 org.apache.catalina.startup.Catalina load
信息: Initialization processed in 1167 ms
2009-7-12 14:40:16 org.apache.catalina.core.StandardService start
信息: Starting service Catalina
2009-7-12 14:40:16 org.apache.catalina.core.StandardEngine start
信息: Starting Servlet Engine: Apache Tomcat/6.0.20
2009-7-12 14:40:17 org.apache.coyote.http11.Http11Protocol start
信息: Starting Coyote HTTP/1.1 on http-8080
2009-7-12 14:40:17 org.apache.jk.common.ChannelSocket init
信息: Port busy 8009 java.net.BindException: Address already in use: JVM_Bind
2009-7-12 14:40:17 org.apache.jk.common.ChannelSocket init
信息: JK: ajp13 listening on /0.0.0.0:8010
2009-7-12 14:40:17 org.apache.jk.server.JkMain start
信息: Jk running ID=1 time=0/31  config=null
2009-7-12 14:40:17 org.apache.catalina.startup.Catalina start
信息: Server startup in 1280 ms
2009-7-12 14:40:17 org.apache.catalina.core.StandardServer await
严重: StandardServer.await: create[8005]: 
java.net.BindException: Address already in use: JVM_Bind
	at java.net.PlainSocketImpl.socketBind(Native Method)
	at java.net.PlainSocketImpl.bind(PlainSocketImpl.java:365)
	at java.net.ServerSocket.bind(ServerSocket.java:319)
	at java.net.ServerSocket.<init>(ServerSocket.java:185)
	at org.apache.catalina.core.StandardServer.await(StandardServer.java:373)
	at org.apache.catalina.startup.Catalina.await(Catalina.java:647)
	at org.apache.catalina.startup.Catalina.start(Catalina.java:607)
	at sun.reflect.NativeMethodAccessorImpl.invoke0(Native Method)
	at sun.reflect.NativeMethodAccessorImpl.invoke(NativeMethodAccessorImpl.java:39)
	at sun.reflect.DelegatingMethodAccessorImpl.invoke(DelegatingMethodAccessorImpl.java:25)
	at java.lang.reflect.Method.invoke(Method.java:597)
	at org.apache.catalina.startup.Bootstrap.start(Bootstrap.java:288)
	at org.apache.catalina.startup.Bootstrap.main(Bootstrap.java:413)
2009-7-12 14:40:17 org.apache.coyote.http11.Http11Protocol pause
信息: Pausing Coyote HTTP/1.1 on http-8080
2009-7-12 14:40:18 org.apache.catalina.core.StandardService stop
信息: Stopping service Catalina
2009-7-12 14:40:19 org.apache.coyote.http11.Http11Protocol destroy
信息: Stopping Coyote HTTP/1.1 on http-8080
2009-7-12 14:40:32 org.apache.catalina.core.AprLifecycleListener init
信息: The APR based Apache Tomcat Native library which allows optimal performance in production environments was not found on the java.library.path: C:\JDK\jdk1.6.0_14\bin;.;C:\WINDOWS\Sun\Java\bin;C:\WINDOWS\system32;C:\WINDOWS;C:\WINDOWS\system32;C:\WINDOWS;C:\WINDOWS\system32\WBEM;D:\java\oracle\bin;;C:\JDK\jdk1.6.0_14\bin;C:\Program Files\ATI Technologies\ATI.ACE\Core-Static;C:\Program Files\ThinkPad\ConnectUtilities;C:\Program Files\Common Files\Thunder Network\KanKan\Codecs;D:\java\Rational\common;C:\Program Files\Intel\WiFi\bin\;C:\Program Files\Common Files\Lenovo;C:\Program Files\Microsoft SQL Server\80\Tools\BINN;C:\Program Files\SinoVoice\jTTS 5.0 Desktop\Bin
2009-7-12 14:40:32 org.apache.coyote.http11.Http11Protocol init
信息: Initializing Coyote HTTP/1.1 on http-8080
2009-7-12 14:40:32 org.apache.catalina.startup.Catalina load
信息: Initialization processed in 453 ms
2009-7-12 14:40:32 org.apache.catalina.core.StandardService start
信息: Starting service Catalina
2009-7-12 14:40:32 org.apache.catalina.core.StandardEngine start
信息: Starting Servlet Engine: Apache Tomcat/6.0.20
2009-7-12 14:40:33 org.apache.coyote.http11.Http11Protocol start
信息: Starting Coyote HTTP/1.1 on http-8080
2009-7-12 14:40:33 org.apache.jk.common.ChannelSocket init
信息: Port busy 8009 java.net.BindException: Address already in use: JVM_Bind
2009-7-12 14:40:33 org.apache.jk.common.ChannelSocket init
信息: JK: ajp13 listening on /0.0.0.0:8010
2009-7-12 14:40:33 org.apache.jk.server.JkMain start
信息: Jk running ID=1 time=0/31  config=null
2009-7-12 14:40:33 org.apache.catalina.startup.Catalina start
信息: Server startup in 796 ms
2009-7-12 14:40:33 org.apache.catalina.core.StandardServer await
严重: StandardServer.await: create[8005]: 
java.net.BindException: Address already in use: JVM_Bind
	at java.net.PlainSocketImpl.socketBind(Native Method)
	at java.net.PlainSocketImpl.bind(PlainSocketImpl.java:365)
	at java.net.ServerSocket.bind(ServerSocket.java:319)
	at java.net.ServerSocket.<init>(ServerSocket.java:185)
	at org.apache.catalina.core.StandardServer.await(StandardServer.java:373)
	at org.apache.catalina.startup.Catalina.await(Catalina.java:647)
	at org.apache.catalina.startup.Catalina.start(Catalina.java:607)
	at sun.reflect.NativeMethodAccessorImpl.invoke0(Native Method)
	at sun.reflect.NativeMethodAccessorImpl.invoke(NativeMethodAccessorImpl.java:39)
	at sun.reflect.DelegatingMethodAccessorImpl.invoke(DelegatingMethodAccessorImpl.java:25)
	at java.lang.reflect.Method.invoke(Method.java:597)
	at org.apache.catalina.startup.Bootstrap.start(Bootstrap.java:288)
	at org.apache.catalina.startup.Bootstrap.main(Bootstrap.java:413)
2009-7-12 14:40:33 org.apache.coyote.http11.Http11Protocol pause
信息: Pausing Coyote HTTP/1.1 on http-8080
2009-7-12 14:40:34 org.apache.catalina.core.StandardService stop
信息: Stopping service Catalina
2009-7-12 14:40:34 org.apache.coyote.http11.Http11Protocol destroy
信息: Stopping Coyote HTTP/1.1 on http-8080
2009-7-12 14:42:12 org.apache.catalina.core.AprLifecycleListener init
信息: The APR based Apache Tomcat Native library which allows optimal performance in production environments was not found on the java.library.path: C:\JDK\jdk1.6.0_14\bin;.;C:\WINDOWS\Sun\Java\bin;C:\WINDOWS\system32;C:\WINDOWS;C:\WINDOWS\system32;C:\WINDOWS;C:\WINDOWS\system32\WBEM;D:\java\oracle\bin;;C:\JDK\jdk1.6.0_14\bin;C:\Program Files\ATI Technologies\ATI.ACE\Core-Static;C:\Program Files\ThinkPad\ConnectUtilities;C:\Program Files\Common Files\Thunder Network\KanKan\Codecs;D:\java\Rational\common;C:\Program Files\Intel\WiFi\bin\;C:\Program Files\Common Files\Lenovo;C:\Program Files\Microsoft SQL Server\80\Tools\BINN;C:\Program Files\SinoVoice\jTTS 5.0 Desktop\Bin
2009-7-12 14:42:12 org.apache.coyote.http11.Http11Protocol init
信息: Initializing Coyote HTTP/1.1 on http-8080
2009-7-12 14:42:12 org.apache.catalina.startup.Catalina load
信息: Initialization processed in 461 ms
2009-7-12 14:42:12 org.apache.catalina.core.StandardService start
信息: Starting service Catalina
2009-7-12 14:42:12 org.apache.catalina.core.StandardEngine start
信息: Starting Servlet Engine: Apache Tomcat/6.0.20
2009-7-12 14:42:13 org.apache.coyote.http11.Http11Protocol start
信息: Starting Coyote HTTP/1.1 on http-8080
2009-7-12 14:42:13 org.apache.jk.common.ChannelSocket init
信息: JK: ajp13 listening on /0.0.0.0:8009
2009-7-12 14:42:13 org.apache.jk.server.JkMain start
信息: Jk running ID=0 time=0/32  config=null
2009-7-12 14:42:13 org.apache.catalina.startup.Catalina start
信息: Server startup in 709 ms
2009-7-12 14:42:29 org.apache.coyote.http11.Http11Protocol pause
信息: Pausing Coyote HTTP/1.1 on http-8080
2009-7-12 14:42:33 org.apache.catalina.core.AprLifecycleListener init
信息: The APR based Apache Tomcat Native library which allows optimal performance in production environments was not found on the java.library.path: C:\JDK\jdk1.6.0_14\bin;.;C:\WINDOWS\Sun\Java\bin;C:\WINDOWS\system32;C:\WINDOWS;C:\WINDOWS\system32;C:\WINDOWS;C:\WINDOWS\system32\WBEM;D:\java\oracle\bin;;C:\JDK\jdk1.6.0_14\bin;C:\Program Files\ATI Technologies\ATI.ACE\Core-Static;C:\Program Files\ThinkPad\ConnectUtilities;C:\Program Files\Common Files\Thunder Network\KanKan\Codecs;D:\java\Rational\common;C:\Program Files\Intel\WiFi\bin\;C:\Program Files\Common Files\Lenovo;C:\Program Files\Microsoft SQL Server\80\Tools\BINN;C:\Program Files\SinoVoice\jTTS 5.0 Desktop\Bin
2009-7-12 14:42:33 org.apache.coyote.http11.Http11Protocol init
信息: Initializing Coyote HTTP/1.1 on http-8080
2009-7-12 14:42:33 org.apache.catalina.startup.Catalina load
信息: Initialization processed in 476 ms
2009-7-12 14:42:33 org.apache.catalina.core.StandardService start
信息: Starting service Catalina
2009-7-12 14:42:33 org.apache.catalina.core.StandardEngine start
信息: Starting Servlet Engine: Apache Tomcat/6.0.20
2009-7-12 14:42:33 org.apache.coyote.http11.Http11Protocol start
信息: Starting Coyote HTTP/1.1 on http-8080
2009-7-12 14:42:33 org.apache.jk.common.ChannelSocket init
信息: JK: ajp13 listening on /0.0.0.0:8009
2009-7-12 14:42:33 org.apache.jk.server.JkMain start
信息: Jk running ID=0 time=0/47  config=null
2009-7-12 14:42:33 org.apache.catalina.startup.Catalina start
信息: Server startup in 669 ms
2009-7-12 14:42:39 org.apache.coyote.http11.Http11Protocol pause
信息: Pausing Coyote HTTP/1.1 on http-8080
2009-7-12 14:44:19 org.apache.catalina.core.AprLifecycleListener init
信息: The APR based Apache Tomcat Native library which allows optimal performance in production environments was not found on the java.library.path: C:\JDK\jdk1.6.0_14\bin;.;C:\WINDOWS\Sun\Java\bin;C:\WINDOWS\system32;C:\WINDOWS;C:\WINDOWS\system32;C:\WINDOWS;C:\WINDOWS\system32\WBEM;D:\java\oracle\bin;;C:\JDK\jdk1.6.0_14\bin;C:\Program Files\ATI Technologies\ATI.ACE\Core-Static;C:\Program Files\ThinkPad\ConnectUtilities;C:\Program Files\Common Files\Thunder Network\KanKan\Codecs;D:\java\Rational\common;C:\Program Files\Intel\WiFi\bin\;C:\Program Files\Common Files\Lenovo;C:\Program Files\Microsoft SQL Server\80\Tools\BINN;C:\Program Files\SinoVoice\jTTS 5.0 Desktop\Bin
2009-7-12 14:44:19 org.apache.coyote.http11.Http11Protocol init
信息: Initializing Coyote HTTP/1.1 on http-8080
2009-7-12 14:44:19 org.apache.catalina.startup.Catalina load
信息: Initialization processed in 460 ms
2009-7-12 14:44:19 org.apache.catalina.core.StandardService start
信息: Starting service Catalina
2009-7-12 14:44:19 org.apache.catalina.core.StandardEngine start
信息: Starting Servlet Engine: Apache Tomcat/6.0.20
2009-7-12 14:44:19 org.apache.coyote.http11.Http11Protocol start
信息: Starting Coyote HTTP/1.1 on http-8080
2009-7-12 14:44:19 org.apache.jk.common.ChannelSocket init
信息: JK: ajp13 listening on /0.0.0.0:8009
2009-7-12 14:44:19 org.apache.jk.server.JkMain start
信息: Jk running ID=0 time=0/16  config=null
2009-7-12 14:44:19 org.apache.catalina.startup.Catalina start
信息: Server startup in 663 ms
2009-7-12 14:44:25 org.apache.coyote.http11.Http11Protocol pause
信息: Pausing Coyote HTTP/1.1 on http-8080
2009-7-12 14:48:59 org.apache.catalina.core.AprLifecycleListener init
信息: The APR based Apache Tomcat Native library which allows optimal performance in production environments was not found on the java.library.path: C:\JDK\jdk1.6.0_14\bin;.;C:\WINDOWS\Sun\Java\bin;C:\WINDOWS\system32;C:\WINDOWS;C:\WINDOWS\system32;C:\WINDOWS;C:\WINDOWS\system32\WBEM;D:\java\oracle\bin;;C:\JDK\jdk1.6.0_14\bin;C:\Program Files\ATI Technologies\ATI.ACE\Core-Static;C:\Program Files\ThinkPad\ConnectUtilities;C:\Program Files\Common Files\Thunder Network\KanKan\Codecs;D:\java\Rational\common;C:\Program Files\Intel\WiFi\bin\;C:\Program Files\Common Files\Lenovo;C:\Program Files\Microsoft SQL Server\80\Tools\BINN;C:\Program Files\SinoVoice\jTTS 5.0 Desktop\Bin
2009-7-12 14:48:59 org.apache.coyote.http11.Http11Protocol init
信息: Initializing Coyote HTTP/1.1 on http-9001
2009-7-12 14:48:59 org.apache.catalina.startup.Catalina load
信息: Initialization processed in 447 ms
2009-7-12 14:48:59 org.apache.catalina.core.StandardService start
信息: Starting service Catalina
2009-7-12 14:48:59 org.apache.catalina.core.StandardEngine start
信息: Starting Servlet Engine: Apache Tomcat/6.0.20
2009-7-12 14:49:00 org.apache.coyote.http11.Http11Protocol start
信息: Starting Coyote HTTP/1.1 on http-9001
2009-7-12 14:49:00 org.apache.jk.common.ChannelSocket init
信息: JK: ajp13 listening on /0.0.0.0:8009
2009-7-12 14:49:00 org.apache.jk.server.JkMain start
信息: Jk running ID=0 time=0/31  config=null
2009-7-12 14:49:00 org.apache.catalina.startup.Catalina start
信息: Server startup in 662 ms
2009-7-12 14:49:07 org.apache.coyote.http11.Http11Protocol pause
信息: Pausing Coyote HTTP/1.1 on http-9001
2009-7-12 14:53:19 org.apache.catalina.core.AprLifecycleListener init
信息: The APR based Apache Tomcat Native library which allows optimal performance in production environments was not found on the java.library.path: C:\JDK\jdk1.6.0_14\bin;.;C:\WINDOWS\Sun\Java\bin;C:\WINDOWS\system32;C:\WINDOWS;C:\WINDOWS\system32;C:\WINDOWS;C:\WINDOWS\system32\WBEM;D:\java\oracle\bin;;C:\JDK\jdk1.6.0_14\bin;C:\Program Files\ATI Technologies\ATI.ACE\Core-Static;C:\Program Files\ThinkPad\ConnectUtilities;C:\Program Files\Common Files\Thunder Network\KanKan\Codecs;D:\java\Rational\common;C:\Program Files\Intel\WiFi\bin\;C:\Program Files\Common Files\Lenovo;C:\Program Files\Microsoft SQL Server\80\Tools\BINN;C:\Program Files\SinoVoice\jTTS 5.0 Desktop\Bin
2009-7-12 14:53:19 org.apache.coyote.http11.Http11Protocol init
信息: Initializing Coyote HTTP/1.1 on http-9001
2009-7-12 14:53:19 org.apache.catalina.startup.Catalina load
信息: Initialization processed in 475 ms
2009-7-12 14:53:19 org.apache.catalina.core.StandardService start
信息: Starting service Catalina
2009-7-12 14:53:19 org.apache.catalina.core.StandardEngine start
信息: Starting Servlet Engine: Apache Tomcat/6.0.20
2009-7-12 14:53:20 org.apache.coyote.http11.Http11Protocol start
信息: Starting Coyote HTTP/1.1 on http-9001
2009-7-12 14:53:20 org.apache.jk.common.ChannelSocket init
信息: JK: ajp13 listening on /0.0.0.0:8009
2009-7-12 14:53:20 org.apache.jk.server.JkMain start
信息: Jk running ID=0 time=0/31  config=null
2009-7-12 14:53:20 org.apache.catalina.startup.Catalina start
信息: Server startup in 713 ms
2009-7-12 14:53:23 org.apache.coyote.http11.Http11Protocol pause
信息: Pausing Coyote HTTP/1.1 on http-9001
2009-7-12 15:32:33 org.apache.catalina.core.AprLifecycleListener init
信息: The APR based Apache Tomcat Native library which allows optimal performance in production environments was not found on the java.library.path: C:\JDK\jdk1.6.0_14\bin;.;C:\WINDOWS\Sun\Java\bin;C:\WINDOWS\system32;C:\WINDOWS;C:\WINDOWS\system32;C:\WINDOWS;C:\WINDOWS\system32\WBEM;D:\java\oracle\bin;;C:\JDK\jdk1.6.0_14\bin;C:\Program Files\ATI Technologies\ATI.ACE\Core-Static;C:\Program Files\ThinkPad\ConnectUtilities;C:\Program Files\Common Files\Thunder Network\KanKan\Codecs;D:\java\Rational\common;C:\Program Files\Intel\WiFi\bin\;C:\Program Files\Common Files\Lenovo;C:\Program Files\Microsoft SQL Server\80\Tools\BINN;C:\Program Files\SinoVoice\jTTS 5.0 Desktop\Bin
2009-7-12 15:32:33 org.apache.coyote.http11.Http11Protocol init
信息: Initializing Coyote HTTP/1.1 on http-9001
2009-7-12 15:32:33 org.apache.catalina.startup.Catalina load
信息: Initialization processed in 670 ms
2009-7-12 15:32:34 org.apache.catalina.core.StandardService start
信息: Starting service Catalina
2009-7-12 15:32:34 org.apache.catalina.core.StandardEngine start
信息: Starting Servlet Engine: Apache Tomcat/6.0.20
2009-7-12 15:32:35 org.apache.coyote.http11.Http11Protocol start
信息: Starting Coyote HTTP/1.1 on http-9001
2009-7-12 15:32:35 org.apache.jk.common.ChannelSocket init
信息: JK: ajp13 listening on /0.0.0.0:8009
2009-7-12 15:32:35 org.apache.jk.server.JkMain start
信息: Jk running ID=0 time=0/93  config=null
2009-7-12 15:32:35 org.apache.catalina.startup.Catalina start
信息: Server startup in 1431 ms
2009-7-12 15:32:51 org.apache.coyote.http11.Http11Protocol pause
信息: Pausing Coyote HTTP/1.1 on http-9001
2009-7-12 15:41:09 org.apache.catalina.core.AprLifecycleListener init
信息: The APR based Apache Tomcat Native library which allows optimal performance in production environments was not found on the java.library.path: C:\JDK\jdk1.6.0_14\bin;.;C:\WINDOWS\Sun\Java\bin;C:\WINDOWS\system32;C:\WINDOWS;C:\WINDOWS\system32;C:\WINDOWS;C:\WINDOWS\system32\WBEM;D:\java\oracle\bin;;C:\JDK\jdk1.6.0_14\bin;C:\Program Files\ATI Technologies\ATI.ACE\Core-Static;C:\Program Files\ThinkPad\ConnectUtilities;C:\Program Files\Common Files\Thunder Network\KanKan\Codecs;D:\java\Rational\common;C:\Program Files\Intel\WiFi\bin\;C:\Program Files\Common Files\Lenovo;C:\Program Files\Microsoft SQL Server\80\Tools\BINN;C:\Program Files\SinoVoice\jTTS 5.0 Desktop\Bin
2009-7-12 15:41:09 org.apache.coyote.http11.Http11Protocol init
信息: Initializing Coyote HTTP/1.1 on http-9001
2009-7-12 15:41:09 org.apache.catalina.startup.Catalina load
信息: Initialization processed in 454 ms
2009-7-12 15:41:09 org.apache.catalina.core.StandardService start
信息: Starting service Catalina
2009-7-12 15:41:09 org.apache.catalina.core.StandardEngine start
信息: Starting Servlet Engine: Apache Tomcat/6.0.20
2009-7-12 15:41:09 org.apache.coyote.http11.Http11Protocol start
信息: Starting Coyote HTTP/1.1 on http-9001
2009-7-12 15:41:09 org.apache.jk.common.ChannelSocket init
信息: Port busy 8009 java.net.BindException: Address already in use: JVM_Bind
2009-7-12 15:41:09 org.apache.jk.common.ChannelSocket init
信息: JK: ajp13 listening on /0.0.0.0:8010
2009-7-12 15:41:09 org.apache.jk.server.JkMain start
信息: Jk running ID=1 time=0/31  config=null
2009-7-12 15:41:09 org.apache.catalina.startup.Catalina start
信息: Server startup in 639 ms
2009-7-12 15:41:09 org.apache.catalina.core.StandardServer await
严重: StandardServer.await: create[8005]: 
java.net.BindException: Address already in use: JVM_Bind
	at java.net.PlainSocketImpl.socketBind(Native Method)
	at java.net.PlainSocketImpl.bind(PlainSocketImpl.java:365)
	at java.net.ServerSocket.bind(ServerSocket.java:319)
	at java.net.ServerSocket.<init>(ServerSocket.java:185)
	at org.apache.catalina.core.StandardServer.await(StandardServer.java:373)
	at org.apache.catalina.startup.Catalina.await(Catalina.java:647)
	at org.apache.catalina.startup.Catalina.start(Catalina.java:607)
	at sun.reflect.NativeMethodAccessorImpl.invoke0(Native Method)
	at sun.reflect.NativeMethodAccessorImpl.invoke(NativeMethodAccessorImpl.java:39)
	at sun.reflect.DelegatingMethodAccessorImpl.invoke(DelegatingMethodAccessorImpl.java:25)
	at java.lang.reflect.Method.invoke(Method.java:597)
	at org.apache.catalina.startup.Bootstrap.start(Bootstrap.java:288)
	at org.apache.catalina.startup.Bootstrap.main(Bootstrap.java:413)
2009-7-12 15:41:10 org.apache.catalina.core.StandardService stop
信息: Stopping service Catalina
2009-7-12 15:41:11 org.apache.coyote.http11.Http11Protocol destroy
信息: Stopping Coyote HTTP/1.1 on http-9001
2009-7-12 15:41:15 org.apache.catalina.core.AprLifecycleListener init
信息: The APR based Apache Tomcat Native library which allows optimal performance in production environments was not found on the java.library.path: C:\JDK\jdk1.6.0_14\bin;.;C:\WINDOWS\Sun\Java\bin;C:\WINDOWS\system32;C:\WINDOWS;C:\WINDOWS\system32;C:\WINDOWS;C:\WINDOWS\system32\WBEM;D:\java\oracle\bin;;C:\JDK\jdk1.6.0_14\bin;C:\Program Files\ATI Technologies\ATI.ACE\Core-Static;C:\Program Files\ThinkPad\ConnectUtilities;C:\Program Files\Common Files\Thunder Network\KanKan\Codecs;D:\java\Rational\common;C:\Program Files\Intel\WiFi\bin\;C:\Program Files\Common Files\Lenovo;C:\Program Files\Microsoft SQL Server\80\Tools\BINN;C:\Program Files\SinoVoice\jTTS 5.0 Desktop\Bin
2009-7-12 15:41:15 org.apache.coyote.http11.Http11Protocol init
信息: Initializing Coyote HTTP/1.1 on http-9001
2009-7-12 15:41:15 org.apache.catalina.startup.Catalina load
信息: Initialization processed in 457 ms
2009-7-12 15:41:15 org.apache.catalina.core.StandardService start
信息: Starting service Catalina
2009-7-12 15:41:15 org.apache.catalina.core.StandardEngine start
信息: Starting Servlet Engine: Apache Tomcat/6.0.20
2009-7-12 15:41:16 org.apache.coyote.http11.Http11Protocol start
信息: Starting Coyote HTTP/1.1 on http-9001
2009-7-12 15:41:16 org.apache.jk.common.ChannelSocket init
信息: Port busy 8009 java.net.BindException: Address already in use: JVM_Bind
2009-7-12 15:41:16 org.apache.jk.common.ChannelSocket init
信息: JK: ajp13 listening on /0.0.0.0:8010
2009-7-12 15:41:16 org.apache.jk.server.JkMain start
信息: Jk running ID=1 time=0/31  config=null
2009-7-12 15:41:16 org.apache.catalina.startup.Catalina start
信息: Server startup in 702 ms
2009-7-12 15:41:16 org.apache.catalina.core.StandardServer await
严重: StandardServer.await: create[8005]: 
java.net.BindException: Address already in use: JVM_Bind
	at java.net.PlainSocketImpl.socketBind(Native Method)
	at java.net.PlainSocketImpl.bind(PlainSocketImpl.java:365)
	at java.net.ServerSocket.bind(ServerSocket.java:319)
	at java.net.ServerSocket.<init>(ServerSocket.java:185)
	at org.apache.catalina.core.StandardServer.await(StandardServer.java:373)
	at org.apache.catalina.startup.Catalina.await(Catalina.java:647)
	at org.apache.catalina.startup.Catalina.start(Catalina.java:607)
	at sun.reflect.NativeMethodAccessorImpl.invoke0(Native Method)
	at sun.reflect.NativeMethodAccessorImpl.invoke(NativeMethodAccessorImpl.java:39)
	at sun.reflect.DelegatingMethodAccessorImpl.invoke(DelegatingMethodAccessorImpl.java:25)
	at java.lang.reflect.Method.invoke(Method.java:597)
	at org.apache.catalina.startup.Bootstrap.start(Bootstrap.java:288)
	at org.apache.catalina.startup.Bootstrap.main(Bootstrap.java:413)
2009-7-12 15:41:16 org.apache.coyote.http11.Http11Protocol pause
信息: Pausing Coyote HTTP/1.1 on http-9001
2009-7-12 15:41:17 org.apache.catalina.core.StandardService stop
信息: Stopping service Catalina
2009-7-12 15:41:17 org.apache.coyote.http11.Http11Protocol destroy
信息: Stopping Coyote HTTP/1.1 on http-9001
2009-7-12 15:41:28 org.apache.catalina.core.AprLifecycleListener init
信息: The APR based Apache Tomcat Native library which allows optimal performance in production environments was not found on the java.library.path: C:\JDK\jdk1.6.0_14\bin;.;C:\WINDOWS\Sun\Java\bin;C:\WINDOWS\system32;C:\WINDOWS;C:\WINDOWS\system32;C:\WINDOWS;C:\WINDOWS\system32\WBEM;D:\java\oracle\bin;;C:\JDK\jdk1.6.0_14\bin;C:\Program Files\ATI Technologies\ATI.ACE\Core-Static;C:\Program Files\ThinkPad\ConnectUtilities;C:\Program Files\Common Files\Thunder Network\KanKan\Codecs;D:\java\Rational\common;C:\Program Files\Intel\WiFi\bin\;C:\Program Files\Common Files\Lenovo;C:\Program Files\Microsoft SQL Server\80\Tools\BINN;C:\Program Files\SinoVoice\jTTS 5.0 Desktop\Bin
2009-7-12 15:41:29 org.apache.coyote.http11.Http11Protocol init
信息: Initializing Coyote HTTP/1.1 on http-9001
2009-7-12 15:41:29 org.apache.catalina.startup.Catalina load
信息: Initialization processed in 445 ms
2009-7-12 15:41:29 org.apache.catalina.core.StandardService start
信息: Starting service Catalina
2009-7-12 15:41:29 org.apache.catalina.core.StandardEngine start
信息: Starting Servlet Engine: Apache Tomcat/6.0.20
2009-7-12 15:41:29 org.apache.coyote.http11.Http11Protocol start
信息: Starting Coyote HTTP/1.1 on http-9001
2009-7-12 15:41:29 org.apache.jk.common.ChannelSocket init
信息: JK: ajp13 listening on /0.0.0.0:8009
2009-7-12 15:41:29 org.apache.jk.server.JkMain start
信息: Jk running ID=0 time=0/32  config=null
2009-7-12 15:41:29 org.apache.catalina.startup.Catalina start
信息: Server startup in 635 ms
2009-7-12 15:41:56 org.apache.coyote.http11.Http11Protocol pause
信息: Pausing Coyote HTTP/1.1 on http-9001
2009-7-12 16:23:39 org.apache.catalina.core.AprLifecycleListener init
信息: The APR based Apache Tomcat Native library which allows optimal performance in production environments was not found on the java.library.path: C:\JDK\jdk1.6.0_14\bin;.;C:\WINDOWS\Sun\Java\bin;C:\WINDOWS\system32;C:\WINDOWS;C:\WINDOWS\system32;C:\WINDOWS;C:\WINDOWS\system32\WBEM;D:\java\oracle\bin;;C:\JDK\jdk1.6.0_14\bin;C:\Program Files\ATI Technologies\ATI.ACE\Core-Static;C:\Program Files\ThinkPad\ConnectUtilities;C:\Program Files\Common Files\Thunder Network\KanKan\Codecs;D:\java\Rational\common;C:\Program Files\Intel\WiFi\bin\;C:\Program Files\Common Files\Lenovo;C:\Program Files\Microsoft SQL Server\80\Tools\BINN;C:\Program Files\SinoVoice\jTTS 5.0 Desktop\Bin
2009-7-12 16:23:39 org.apache.coyote.http11.Http11Protocol init
信息: Initializing Coyote HTTP/1.1 on http-9001
2009-7-12 16:23:39 org.apache.catalina.startup.Catalina load
信息: Initialization processed in 453 ms
2009-7-12 16:23:39 org.apache.catalina.core.StandardService start
信息: Starting service Catalina
2009-7-12 16:23:39 org.apache.catalina.core.StandardEngine start
信息: Starting Servlet Engine: Apache Tomcat/6.0.20
2009-7-12 16:23:39 org.apache.coyote.http11.Http11Protocol start
信息: Starting Coyote HTTP/1.1 on http-9001
2009-7-12 16:23:39 org.apache.jk.common.ChannelSocket init
信息: Port busy 8009 java.net.BindException: Address already in use: JVM_Bind
2009-7-12 16:23:39 org.apache.jk.common.ChannelSocket init
信息: JK: ajp13 listening on /0.0.0.0:8010
2009-7-12 16:23:39 org.apache.jk.server.JkMain start
信息: Jk running ID=1 time=0/31  config=null
2009-7-12 16:23:39 org.apache.catalina.startup.Catalina start
信息: Server startup in 674 ms
2009-7-12 16:23:39 org.apache.catalina.core.StandardServer await
严重: StandardServer.await: create[8005]: 
java.net.BindException: Address already in use: JVM_Bind
	at java.net.PlainSocketImpl.socketBind(Native Method)
	at java.net.PlainSocketImpl.bind(PlainSocketImpl.java:365)
	at java.net.ServerSocket.bind(ServerSocket.java:319)
	at java.net.ServerSocket.<init>(ServerSocket.java:185)
	at org.apache.catalina.core.StandardServer.await(StandardServer.java:373)
	at org.apache.catalina.startup.Catalina.await(Catalina.java:647)
	at org.apache.catalina.startup.Catalina.start(Catalina.java:607)
	at sun.reflect.NativeMethodAccessorImpl.invoke0(Native Method)
	at sun.reflect.NativeMethodAccessorImpl.invoke(NativeMethodAccessorImpl.java:39)
	at sun.reflect.DelegatingMethodAccessorImpl.invoke(DelegatingMethodAccessorImpl.java:25)
	at java.lang.reflect.Method.invoke(Method.java:597)
	at org.apache.catalina.startup.Bootstrap.start(Bootstrap.java:288)
	at org.apache.catalina.startup.Bootstrap.main(Bootstrap.java:413)
2009-7-12 16:23:39 org.apache.coyote.http11.Http11Protocol pause
信息: Pausing Coyote HTTP/1.1 on http-9001
2009-7-12 16:23:40 org.apache.catalina.core.StandardService stop
信息: Stopping service Catalina
2009-7-12 16:23:40 org.apache.coyote.http11.Http11Protocol destroy
信息: Stopping Coyote HTTP/1.1 on http-9001
