2009-7-12 14:40:17 org.apache.catalina.core.ApplicationContext log
信息: ContextListener: contextInitialized()
2009-7-12 14:40:17 org.apache.catalina.core.ApplicationContext log
信息: SessionListener: contextInitialized()
2009-7-12 14:40:19 org.apache.catalina.core.ApplicationContext log
信息: SessionListener: contextDestroyed()
2009-7-12 14:40:19 org.apache.catalina.core.ApplicationContext log
信息: ContextListener: contextDestroyed()
2009-7-12 14:40:32 org.apache.catalina.core.ApplicationContext log
信息: ContextListener: contextInitialized()
2009-7-12 14:40:32 org.apache.catalina.core.ApplicationContext log
信息: SessionListener: contextInitialized()
2009-7-12 14:40:34 org.apache.catalina.core.ApplicationContext log
信息: SessionListener: contextDestroyed()
2009-7-12 14:40:34 org.apache.catalina.core.ApplicationContext log
信息: ContextListener: contextDestroyed()
2009-7-12 14:42:13 org.apache.catalina.core.ApplicationContext log
信息: ContextListener: contextInitialized()
2009-7-12 14:42:13 org.apache.catalina.core.ApplicationContext log
信息: SessionListener: contextInitialized()
2009-7-12 14:42:33 org.apache.catalina.core.ApplicationContext log
信息: ContextListener: contextInitialized()
2009-7-12 14:42:33 org.apache.catalina.core.ApplicationContext log
信息: SessionListener: contextInitialized()
2009-7-12 14:44:19 org.apache.catalina.core.ApplicationContext log
信息: ContextListener: contextInitialized()
2009-7-12 14:44:19 org.apache.catalina.core.ApplicationContext log
信息: SessionListener: contextInitialized()
2009-7-12 14:48:59 org.apache.catalina.core.ApplicationContext log
信息: ContextListener: contextInitialized()
2009-7-12 14:48:59 org.apache.catalina.core.ApplicationContext log
信息: SessionListener: contextInitialized()
2009-7-12 14:53:20 org.apache.catalina.core.ApplicationContext log
信息: ContextListener: contextInitialized()
2009-7-12 14:53:20 org.apache.catalina.core.ApplicationContext log
信息: SessionListener: contextInitialized()
2009-7-12 15:32:35 org.apache.catalina.core.ApplicationContext log
信息: ContextListener: contextInitialized()
2009-7-12 15:32:35 org.apache.catalina.core.ApplicationContext log
信息: SessionListener: contextInitialized()
2009-7-12 15:41:09 org.apache.catalina.core.ApplicationContext log
信息: ContextListener: contextInitialized()
2009-7-12 15:41:09 org.apache.catalina.core.ApplicationContext log
信息: SessionListener: contextInitialized()
2009-7-12 15:41:11 org.apache.catalina.core.ApplicationContext log
信息: SessionListener: contextDestroyed()
2009-7-12 15:41:11 org.apache.catalina.core.ApplicationContext log
信息: ContextListener: contextDestroyed()
2009-7-12 15:41:16 org.apache.catalina.core.ApplicationContext log
信息: ContextListener: contextInitialized()
2009-7-12 15:41:16 org.apache.catalina.core.ApplicationContext log
信息: SessionListener: contextInitialized()
2009-7-12 15:41:17 org.apache.catalina.core.ApplicationContext log
信息: SessionListener: contextDestroyed()
2009-7-12 15:41:17 org.apache.catalina.core.ApplicationContext log
信息: ContextListener: contextDestroyed()
2009-7-12 15:41:29 org.apache.catalina.core.ApplicationContext log
信息: ContextListener: contextInitialized()
2009-7-12 15:41:29 org.apache.catalina.core.ApplicationContext log
信息: SessionListener: contextInitialized()
2009-7-12 16:23:39 org.apache.catalina.core.ApplicationContext log
信息: ContextListener: contextInitialized()
2009-7-12 16:23:39 org.apache.catalina.core.ApplicationContext log
信息: SessionListener: contextInitialized()
2009-7-12 16:23:40 org.apache.catalina.core.ApplicationContext log
信息: SessionListener: contextDestroyed()
2009-7-12 16:23:40 org.apache.catalina.core.ApplicationContext log
信息: ContextListener: contextDestroyed()
